<?xml version="1.0" encoding="UTF-8"?>
<!-- Generated by org.testng.reporters.JUnitReportReporter -->
<testsuite skipped="0" hostname="administrator-Latitude-3490" name="CucumberOptions.TestRunner" tests="2" failures="0" timestamp="2019-08-12T11:54:09 IST" time="65.256" errors="0">
  <testcase name="feature" time="35.605" classname="CucumberOptions.TestRunner"/>
  <testcase name="feature" time="29.651" classname="CucumberOptions.TestRunner"/>
</testsuite> <!-- CucumberOptions.TestRunner -->
